<?xml version="1.0" encoding="UTF-8"?>
<testng-results ignored="0" total="1" passed="1" failed="0" skipped="0">
  <reporter-output>
  </reporter-output>
  <suite started-at="2023-05-11T11:55:35 IST" name="Default suite" finished-at="2023-05-11T11:55:46 IST" duration-ms="10884">
    <groups>
    </groups>
    <test started-at="2023-05-11T11:55:35 IST" name="Default test" finished-at="2023-05-11T11:55:46 IST" duration-ms="10884">
      <class name="restAssured.numberConversion">
        <test-method signature="NumbersTowords()[pri:0, instance:restAssured.numberConversion@14555e0a]" started-at="2023-05-11T11:55:35 IST" name="NumbersTowords" finished-at="2023-05-11T11:55:46 IST" duration-ms="10739" status="PASS">
          <reporter-output>
          </reporter-output>
        </test-method> <!-- NumbersTowords -->
      </class> <!-- restAssured.numberConversion -->
    </test> <!-- Default test -->
  </suite> <!-- Default suite -->
</testng-results>
